0.334952   0.44682   -0.297129
0.486076   -0.37851   -0.304219
0.303717   -0.377014   -0.136168
0.494194   0.456743   -0.112132
-0.338255   0.456877   -0.303376
-0.178208   -0.387783   -0.298417
-0.356307   -0.39007   -0.121215
-0.179477   0.470221   -0.130557
-0.00139449   0.454197   -0.307522
0.138916   -0.376436   -0.309327
0.00161173   -0.379999   -0.135717
0.147298   0.449934   -0.124974
0.326057   -0.199631   -0.304949
-0.49691   -0.053818   -0.290484
0.321675   -0.0428606   -0.131868
0.478423   -0.227201   -0.124204
-0.338996   -0.214235   -0.276621
-0.177086   -0.0400244   -0.311458
-0.348241   -0.057942   -0.135043
-0.17318   -0.230129   -0.150537
-0.0211449   -0.233237   -0.301641
0.145123   -0.0636254   -0.294741
-0.0384828   -0.0674153   -0.127789
0.155762   -0.206479   -0.117099
0.305963   0.104032   -0.277935
0.488577   0.277059   -0.279255
0.321865   0.281259   -0.122437
-0.484665   0.114933   -0.129392
-0.332234   0.131973   -0.283562
-0.154035   0.295935   -0.287747
-0.334855   0.306327   -0.139121
-0.172995   0.116808   -0.134649
-0.0225731   0.103375   -0.31743
0.148652   0.265087   -0.291778
0.00696701   0.271742   -0.119841
0.15526   0.112816   -0.116584
0.330045   0.456621   0.0379561
0.483545   -0.384681   0.0554874
0.322461   -0.389909   0.206622
0.491447   0.452462   0.18828
-0.31697   0.448246   0.0213794
-0.181831   -0.367408   0.0238629
-0.344001   -0.392031   0.188783
-0.181196   0.462118   0.217208
-0.0101139   0.450435   0.0503046
0.155293   -0.374851   0.0347214
-0.00446956   -0.381053   0.211109
0.141533   0.452763   0.206064
0.327211   -0.19029   0.0566083
-0.498222   -0.0362955   0.0335543
0.322448   -0.0428078   0.22226
-0.492047   -0.199164   0.215813
-0.365364   -0.209608   0.0412498
-0.185309   -0.0571966   0.0313888
-0.316983   -0.0462849   0.223828
-0.1823   -0.238125   0.215205
-0.0228492   -0.204015   0.0464599
0.16682   -0.0410731   0.0518508
-0.0116044   -0.04673   0.249373
0.145139   -0.200412   0.186366
0.327303   0.104814   0.0526607
0.494152   0.286456   0.0427845
0.349397   0.285668   0.221538
-0.494307   0.128067   0.206743
-0.328286   0.128401   0.0424583
-0.169875   0.288283   0.0499836
-0.320792   0.285534   0.205991
-0.141746   0.123538   0.215682
-0.0227185   0.116299   0.0216213
0.181265   0.279632   0.0431773
0.0124537   0.274082   0.201928
0.161603   0.112555   0.210749
0.317602   0.449863   0.373962
0.477793   -0.394549   0.375082
0.319758   -0.366079   -0.452548
0.495227   0.438331   -0.458681
-0.35842   0.446965   0.369237
-0.193986   -0.393122   0.377692
-0.336703   -0.388447   -0.458947
-0.173823   0.452798   -0.465178
-0.0169637   0.44278   0.380222
0.150804   -0.380168   0.379382
-0.00776577   -0.397527   -0.47289
0.161318   0.447792   -0.469113
0.317614   -0.222578   0.369121
0.474943   -0.0339217   0.389759
0.318011   -0.0406366   -0.450618
0.489744   -0.209428   -0.449602
-0.344863   -0.207995   0.395
-0.183727   -0.0444398   0.383041
-0.344375   -0.0290759   -0.445576
-0.195356   -0.221998   -0.435624
-0.0231429   -0.227418   0.379514
0.173371   -0.059288   0.369306
-0.0118878   -0.0507087   -0.482226
0.163285   -0.194442   -0.469343
0.311548   0.12711   0.375478
0.490578   0.272401   0.387777
0.31753   0.250427   -0.432995
0.499298   0.128353   -0.453012
-0.329841   0.128   0.366797
-0.169116   0.270883   0.383356
-0.356247   0.290731   -0.446626
-0.179973   0.125705   -0.467587
-0.00504564   0.119622   0.385877
0.160398   0.29339   0.370935
-0.0145511   0.300202   -0.460249
0.148867   0.106412   -0.451603
