0.32108   -0.100774   -0.155155
0.49131   0.0620261   -0.141456
0.305258   0.0462739   0.00890659
-0.49389   -0.108506   0.0146005
-0.355217   -0.109085   -0.151398
-0.166915   0.0558871   -0.14297
-0.316262   0.0551833   0.0276082
-0.145454   -0.100097   0.0113746
0.0109944   -0.118173   -0.189466
0.164918   0.0621844   -0.173328
0.0046552   0.0579631   -0.00192766
0.158268   -0.109675   0.00608808
0.332301   0.242394   -0.150717
0.495804   0.389503   -0.153037
0.328598   0.386926   0.0147316
0.477535   0.214577   0.0165388
-0.329795   0.225417   -0.153263
-0.171921   0.400356   -0.15619
-0.327585   0.410198   0.00717094
-0.177369   0.224018   0.00660545
-0.0188065   0.232007   -0.165363
0.157971   0.387658   -0.164409
-0.0159475   0.382608   -0.00561228
0.150756   0.228811   0.0153222
0.341457   -0.452677   -0.162434
0.495819   -0.270051   -0.157093
0.351154   -0.256316   0.00387956
-0.490271   -0.437778   0.0211519
-0.332452   -0.422818   -0.150648
-0.152335   -0.268536   -0.151994
-0.319194   -0.263671   0.0107943
-0.170824   -0.432047   0.00713561
0.00238391   -0.446878   -0.170278
0.152971   -0.27721   -0.173111
0.0251616   -0.286098   0.0116576
0.189097   -0.434025   0.0243133
0.340346   -0.126135   0.169714
0.495627   0.0524492   0.165619
0.326075   0.0624431   0.333513
-0.496834   -0.125094   0.348833
-0.339617   -0.121354   0.17451
-0.164356   0.0726373   0.166887
-0.326699   0.0825338   0.350174
-0.164859   -0.0866377   0.322296
0.00870419   -0.121682   0.174185
0.154748   0.0670485   0.183663
0.0077183   0.062279   0.354901
0.168972   -0.104558   0.320401
0.314502   0.214404   0.175706
0.496401   0.378189   0.178177
0.335168   0.376262   0.353128
0.499296   0.196576   0.332862
-0.329742   0.223818   0.168632
-0.144841   0.386357   0.176226
-0.327818   0.3937   0.333179
-0.144413   0.218625   0.353994
0.0161941   0.225523   0.20473
0.163438   0.395408   0.160283
-0.00123083   0.405586   0.347233
0.158706   0.217328   0.368701
0.348198   -0.457082   0.183106
-0.497374   -0.286125   0.182244
0.326058   -0.25805   0.339342
-0.496756   -0.444592   0.347611
-0.32262   -0.444439   0.180032
-0.163214   -0.261411   0.173764
-0.328419   -0.285941   0.34423
-0.167505   -0.449996   0.335938
-0.00603458   -0.438483   0.162378
0.171316   -0.267554   0.171307
-0.00368747   -0.298877   0.332746
0.179319   -0.446271   0.333862
0.333809   -0.106931   -0.486478
0.487087   0.0621523   -0.49645
0.343641   0.0507566   -0.310877
0.488561   -0.125925   -0.331193
-0.349759   -0.0955729   -0.488104
-0.175886   0.0478879   -0.487054
-0.341896   0.0544632   -0.322667
-0.18747   -0.120943   -0.317064
0.00581623   -0.0989752   0.493761
0.191214   0.0562226   -0.496922
-0.0142795   0.0598319   -0.320225
0.162552   -0.100071   -0.342922
0.338352   0.22707   -0.469553
-0.486422   0.41437   -0.473486
0.331917   0.388546   -0.316202
-0.49024   0.234651   -0.319364
-0.338546   0.221958   -0.487327
-0.16985   0.400011   0.498784
-0.333366   0.401954   -0.305089
-0.169555   0.219087   -0.315293
-0.00743688   0.2328   -0.468892
0.18937   0.393331   -0.474235
0.0026847   0.393492   -0.324604
0.162771   0.216162   -0.325823
0.34289   -0.44791   -0.47328
-0.481485   -0.292535   -0.497951
0.325323   -0.275304   -0.322862
-0.485898   -0.439158   -0.313859
-0.321433   -0.433809   -0.483721
-0.183229   -0.275388   -0.482464
-0.337307   -0.272562   -0.327946
-0.166229   -0.442601   -0.320214
0.00600471   -0.44148   -0.477638
0.146963   -0.265617   -0.491089
-0.0103601   -0.257073   -0.350338
0.164294   -0.442108   -0.328157
