-0.257377   -0.996406   0.619869
-0.50481   0.558412   0.797055
-0.269424   0.345322   0.66978
0.491153   -1.03853   0.306336
-0.347205   0.967914   0.922266
0.976388   1.07339   0.671931
-0.0934663   -0.0113274   -0.73244
1.03664   0.141531   0.791021
0.730703   1.02919   -0.694103
-0.582086   -0.572504   -0.156899
-0.481221   -0.0692037   -0.0244808
-0.841068   0.366986   0.937213
0.540993   0.58223   0.770344
-0.179502   -0.559825   -1.19512
0.289531   0.514612   -0.309587
0.544056   2.63451   1.4398
1.05123   1.29574   -1.42224
0.306836   -0.207999   0.568875
-0.719791   -0.693799   -0.0366431
1.20501   -0.625743   -1.36939
0.138875   -0.73127   -0.607511
0.309343   -0.47077   0.194916
-0.718428   -0.392749   -0.519414
0.0245059   2.08392   -0.475474
0.267421   0.214468   -0.22751
-0.181552   0.6884   1.10616
0.389433   1.04411   0.551468
0.128758   1.25161   -0.901582
0.331159   1.24946   -0.839528
-0.536104   -0.698726   -1.76544
0.925053   -1.31227   0.903605
-0.228125   -0.0364532   1.10416
-0.680033   0.300086   0.839571
-0.50091   0.542741   -0.415148
0.22525   -0.134567   0.165968
-0.968081   0.438886   -0.661529
-0.23686   -1.07585   -0.497161
-0.323328   1.97076   -0.14297
-0.927895   -1.62623   0.984911
0.153717   0.0789347   -0.653731
0.168209   0.492492   -0.500932
0.454091   3.67565   1.51062
-0.189497   0.160488   -1.10255
-0.336103   -1.03433   0.533512
0.717734   -1.55121   -0.911919
-1.07604   -0.965036   0.530162
-1.20091   0.52761   -0.302783
0.518485   -1.27793   0.484823
0.550155   0.139621   -0.793316
-0.312521   -0.448022   1.30384
-0.103307   -0.731754   0.328409
-0.824551   1.49344   -0.753373
1.62602   -1.10554   -0.489496
0.221769   -1.37818   -0.62036
-0.218515   -1.22748   -0.0515017
2.47174   -1.21506   -0.0329393
0.0742743   -0.292652   -0.317401
0.407127   -0.441337   -0.0901781
-0.820433   -0.0761339   -0.461511
0.797239   -0.251543   0.396263
1.87043   -0.688004   0.532972
0.291366   -0.281487   0.0774712
-0.663272   -0.589719   -1.07772
-0.593692   0.555867   -1.31626
-0.378857   -0.625095   -0.563925
-0.680349   0.650118   -1.302
0.0773497   -0.33847   -1.35573
-0.824734   0.195273   0.129266
0.698271   1.54817   -0.154534
1.74207   1.37686   0.913995
0.773801   -1.02611   -0.748357
-0.277275   -0.390707   -0.960261
-0.493338   -0.468954   -0.0311675
0.478011   -0.282413   0.047173
0.467061   -0.0554898   1.18449
0.448245   0.749259   1.31953
-1.88318   0.663091   0.263772
-0.0314638   1.04534   -1.67294
0.314356   0.168388   -1.50997
0.911657   0.554372   -0.610183
0.180952   0.161408   2.25085
0.772177   -1.8649   0.876229
-0.292411   -0.513755   -1.35485
0.987758   -0.873432   -0.725672
0.427219   0.373728   0.627799
-1.85511   1.82359   0.236732
0.0595258   1.20071   0.487223
0.558148   0.423289   2.3346
-1.5841   -0.208706   1.83431
0.871352   -0.504586   0.933402
-0.0841197   1.85164   -1.11933
-0.601022   0.172679   0.907642
0.0478086   -0.58211   0.40865
0.118254   -0.160293   0.93377
-0.610498   0.295638   0.490864
-0.68221   -0.8393   -0.468148
-0.421045   0.31443   1.19657
0.983714   -1.17767   -0.908323
-0.700123   -0.88306   1.015
-0.712597   -1.88156   -0.375761
-1.69434   0.486719   -2.00294
0.190713   0.0895963   0.600813
-0.369746   -1.28879   1.49286
-0.131115   -0.485293   -2.03727
-0.928246   0.423076   0.20261
1.2685   -0.00547894   0.384346
-0.0667607   -0.902854   -0.609063
-1.39291   -0.817043   -0.135224
